<?xml version="1.0" encoding="UTF-8"?>
<!-- Generated by org.testng.reporters.JUnitXMLReporter -->
<testsuite ignored="3" hostname="DESKTOP-VEGGGMP" failures="0" tests="1" name="FireFoxTest" time="30.753" errors="0" timestamp="2025-10-24T18:58:52 GST">
  <testcase classname="testScript.LoginTest" name="verifyTheUserIsUnableToLoginwithInvalidUsernameandValidPassword" time="0.805"/>
  <testcase classname="testScript.LoginTest" name="verifyTheUserIsUnableToLoginwithInValidUsernameandInvalidPassword" time="0.0">
    <ignored/>
  </testcase> <!-- verifyTheUserIsUnableToLoginwithInValidUsernameandInvalidPassword -->
  <testcase classname="testScript.LoginTest" name="verifyTheUserIsAbleToLoginUsingValidCredentials" time="0.0">
    <ignored/>
  </testcase> <!-- verifyTheUserIsAbleToLoginUsingValidCredentials -->
  <testcase classname="testScript.LoginTest" name="verifyTheUserIsUnableToLoginwithValidUsernameandInvalidPassword" time="0.0">
    <ignored/>
  </testcase> <!-- verifyTheUserIsUnableToLoginwithValidUsernameandInvalidPassword -->
</testsuite> <!-- FireFoxTest -->
