<?xml version="1.0" encoding="UTF-8"?>
<testng-results ignored="0" total="1" passed="1" failed="0" skipped="0">
  <reporter-output>
  </reporter-output>
  <suite started-at="2025-10-28T19:09:30 GST" name="Suite" finished-at="2025-10-28T19:09:36 GST" duration-ms="6299">
    <groups>
      <group name="Regression">
        <method signature="LoginTest.verifyTheUserIsAbleToLoginUsingValidCredentials()[pri:0, instance:testScript.LoginTest@2667f029]" name="verifyTheUserIsAbleToLoginUsingValidCredentials" class="testScript.LoginTest"/>
      </group> <!-- Regression -->
    </groups>
    <test started-at="2025-10-28T19:09:30 GST" name="Test" finished-at="2025-10-28T19:09:36 GST" duration-ms="6299">
      <class name="testScript.LoginTest">
        <test-method is-config="true" signature="initializeBrowser(java.lang.String)[pri:0, instance:testScript.LoginTest@2667f029]" started-at="2025-10-28T19:09:30 GST" name="initializeBrowser" finished-at="2025-10-28T19:09:34 GST" duration-ms="4051" status="PASS">
          <params>
            <param index="0">
              <value>
                <![CDATA[FireFox]]>
              </value>
            </param>
          </params>
          <reporter-output>
          </reporter-output>
        </test-method> <!-- initializeBrowser -->
        <test-method signature="verifyTheUserIsAbleToLoginUsingValidCredentials()[pri:0, instance:testScript.LoginTest@2667f029]" started-at="2025-10-28T19:09:34 GST" name="verifyTheUserIsAbleToLoginUsingValidCredentials" finished-at="2025-10-28T19:09:35 GST" duration-ms="1270" status="PASS">
          <reporter-output>
          </reporter-output>
        </test-method> <!-- verifyTheUserIsAbleToLoginUsingValidCredentials -->
        <test-method is-config="true" signature="windowCloseAndQuit(org.testng.ITestResult)[pri:0, instance:testScript.LoginTest@2667f029]" started-at="2025-10-28T19:09:35 GST" name="windowCloseAndQuit" finished-at="2025-10-28T19:09:36 GST" duration-ms="935" status="PASS">
          <params>
            <param index="0">
              <value>
                <![CDATA[[TestResult name=verifyTheUserIsAbleToLoginUsingValidCredentials status=SUCCESS method=LoginTest.verifyTheUserIsAbleToLoginUsingValidCredentials()[pri:0, instance:testScript.LoginTest@2667f029] output={null}]]]>
              </value>
            </param>
          </params>
          <reporter-output>
          </reporter-output>
        </test-method> <!-- windowCloseAndQuit -->
      </class> <!-- testScript.LoginTest -->
    </test> <!-- Test -->
  </suite> <!-- Suite -->
</testng-results>
